<?xml version="1.0" encoding="UTF-8"?>
<!-- Generated by org.testng.reporters.JUnitReportReporter -->
<testsuite hostname="DESKTOP-ANQ89CN" failures="0" tests="1" name="LOGIN.LoginPassant" time="0.003" errors="0" timestamp="2022-06-27T10:08:17 CEST" skipped="0">
  <testcase classname="LOGIN.LoginPassant" name="f" time="0.003"/>
  <system-out/>
</testsuite> <!-- LOGIN.LoginPassant -->
