<?xml version="1.0" encoding="UTF-8"?>
<!-- Generated by org.testng.reporters.JUnitReportReporter -->
<testsuite hostname="DESKTOP-ANQ89CN" failures="0" tests="1" name="LOCALISER.LocaliserNonPassant" time="0.002" errors="0" timestamp="2022-06-27T10:08:17 CEST" skipped="0">
  <testcase classname="LOCALISER.LocaliserNonPassant" name="f" time="0.002"/>
  <system-out/>
</testsuite> <!-- LOCALISER.LocaliserNonPassant -->
