<?xml version="1.0" encoding="UTF-8"?>
<!-- Generated by org.testng.reporters.JUnitReportReporter -->
<testsuite hostname="DESKTOP-ANQ89CN" failures="0" tests="1" name="RECHERCHER.RechercherNonPassant" time="0.433" errors="0" timestamp="2022-05-25T10:53:26 CEST" skipped="0">
  <testcase classname="RECHERCHER.RechercherNonPassant" name="f" time="0.433"/>
  <system-out/>
</testsuite> <!-- RECHERCHER.RechercherNonPassant -->
