<?xml version="1.0" encoding="UTF-8"?>
<!-- Generated by org.testng.reporters.JUnitReportReporter -->
<testsuite hostname="DESKTOP-ANQ89CN" failures="0" tests="1" name="RECHERCHER.RechercherNonPassant" time="0.443" errors="0" timestamp="2022-05-27T17:11:42 CEST" skipped="0">
  <testcase classname="RECHERCHER.RechercherNonPassant" name="f" time="0.443"/>
  <system-out/>
</testsuite> <!-- RECHERCHER.RechercherNonPassant -->
