<?xml version="1.0" encoding="UTF-8"?>
<!-- Generated by org.testng.reporters.JUnitReportReporter -->
<testsuite hostname="DESKTOP-ANQ89CN" failures="0" tests="1" name="LOGIN.LoginNonPassant" time="0.001" errors="0" timestamp="2022-06-27T10:08:17 CEST" skipped="0">
  <testcase classname="LOGIN.LoginNonPassant" name="f" time="0.001"/>
  <system-out/>
</testsuite> <!-- LOGIN.LoginNonPassant -->
