<?xml version="1.0" encoding="UTF-8"?>
<!-- Generated by org.testng.reporters.JUnitReportReporter -->
<testsuite hostname="DESKTOP-ANQ89CN" failures="0" tests="1" name="LOCALISER.LocaliserPassant" time="0.000" errors="0" timestamp="2022-05-27T17:07:52 CEST" skipped="1">
  <testcase classname="LOCALISER.LocaliserPassant" name="f" time="0.000">
    <skipped/>
  </testcase> <!-- f -->
  <system-out/>
</testsuite> <!-- LOCALISER.LocaliserPassant -->
