<?xml version="1.0" encoding="UTF-8"?>
<!-- Generated by org.testng.reporters.JUnitReportReporter -->
<testsuite hostname="DESKTOP-ANQ89CN" failures="0" tests="2" name="RECHERCHER.RechercherPassant" time="2.456" errors="0" timestamp="2022-06-27T10:22:18 CEST" skipped="0">
  <testcase classname="RECHERCHER.RechercherPassant" name="HomePage" time="1.754"/>
  <system-out/>
  <testcase classname="RECHERCHER.RechercherPassant" name="SearchPassed" time="0.702"/>
  <system-out/>
</testsuite> <!-- RECHERCHER.RechercherPassant -->
