<?xml version="1.0" encoding="UTF-8"?>
<!-- Generated by org.testng.reporters.JUnitReportReporter -->
<testsuite hostname="DESKTOP-ANQ89CN" failures="0" tests="2" name="RECHERCHER.RechercherNonPassant" time="1.306" errors="0" timestamp="2022-06-27T10:22:18 CEST" skipped="0">
  <testcase classname="RECHERCHER.RechercherNonPassant" name="SearchNoPassed" time="0.594"/>
  <system-out/>
  <testcase classname="RECHERCHER.RechercherNonPassant" name="HomePage" time="0.712"/>
  <system-out/>
</testsuite> <!-- RECHERCHER.RechercherNonPassant -->
